<?xml version="1.0" encoding="UTF-8"?>
<!-- Generated by org.testng.reporters.JUnitXMLReporter -->
<testsuite hostname="Varshi" ignored="0" name="Command line test" tests="3" failures="0" timestamp="24 Mar 2019 11:23:06 GMT" time="30.685" errors="0">
  <testcase name="testLogin" time="11.938" classname="com.vmetry.pagetests.LoginTest"/>
  <testcase name="testLogin" time="1.744" classname="com.vmetry.pagetests.LoginTest"/>
  <testcase name="testLogin" time="3.283" classname="com.vmetry.pagetests.LoginTest"/>
</testsuite> <!-- Command line test -->
