<?xml version="1.0" encoding="UTF-8"?>
<testng-results skipped="0" failed="0" ignored="0" total="3" passed="3">
  <reporter-output>
  </reporter-output>
  <suite name="com.vmetry.pagetests.LoginTest" duration-ms="30685" started-at="2019-03-24T11:22:35Z" finished-at="2019-03-24T11:23:06Z">
    <groups>
    </groups>
    <test name="Command line test" duration-ms="30685" started-at="2019-03-24T11:22:35Z" finished-at="2019-03-24T11:23:06Z">
      <class name="com.vmetry.pagetests.LoginTest">
        <test-method status="PASS" signature="precond()[pri:0, instance:com.vmetry.pagetests.LoginTest@180bc464]" name="precond" is-config="true" duration-ms="10525" started-at="2019-03-24T11:22:35Z" finished-at="2019-03-24T11:22:46Z">
          <reporter-output>
          </reporter-output>
        </test-method> <!-- precond -->
        <test-method status="PASS" signature="startLogiPage()[pri:0, instance:com.vmetry.pagetests.LoginTest@180bc464]" name="startLogiPage" is-config="true" duration-ms="759" started-at="2019-03-24T11:22:46Z" finished-at="2019-03-24T11:22:47Z">
          <reporter-output>
          </reporter-output>
        </test-method> <!-- startLogiPage -->
        <test-method status="PASS" signature="testLogin(java.lang.String, java.lang.String, java.lang.String, java.lang.String)[pri:0, instance:com.vmetry.pagetests.LoginTest@180bc464]" name="testLogin" duration-ms="11938" started-at="2019-03-24T11:22:47Z" data-provider="td" finished-at="2019-03-24T11:22:59Z">
          <params>
            <param index="0">
              <value>
                <![CDATA[TC_001]]>
              </value>
            </param>
            <param index="1">
              <value>
                <![CDATA[9003417600]]>
              </value>
            </param>
            <param index="2">
              <value>
                <![CDATA[Admin@123]]>
              </value>
            </param>
            <param index="3">
              <value>
                <![CDATA[Vasanth. S]]>
              </value>
            </param>
          </params>
          <reporter-output>
          </reporter-output>
        </test-method> <!-- testLogin -->
        <test-method status="PASS" signature="startLogiPage()[pri:0, instance:com.vmetry.pagetests.LoginTest@180bc464]" name="startLogiPage" is-config="true" duration-ms="1011" started-at="2019-03-24T11:22:59Z" finished-at="2019-03-24T11:23:00Z">
          <reporter-output>
          </reporter-output>
        </test-method> <!-- startLogiPage -->
        <test-method status="PASS" signature="testLogin(java.lang.String, java.lang.String, java.lang.String, java.lang.String)[pri:0, instance:com.vmetry.pagetests.LoginTest@180bc464]" name="testLogin" duration-ms="1744" started-at="2019-03-24T11:23:00Z" data-provider="td" finished-at="2019-03-24T11:23:02Z">
          <params>
            <param index="0">
              <value>
                <![CDATA[TC_002]]>
              </value>
            </param>
            <param index="1">
              <value>
                <![CDATA[4324723472]]>
              </value>
            </param>
            <param index="2">
              <value>
                <![CDATA[Admin@123]]>
              </value>
            </param>
            <param index="3">
              <value>
                <![CDATA[Incorrect Username or Password]]>
              </value>
            </param>
          </params>
          <reporter-output>
          </reporter-output>
        </test-method> <!-- testLogin -->
        <test-method status="PASS" signature="startLogiPage()[pri:0, instance:com.vmetry.pagetests.LoginTest@180bc464]" name="startLogiPage" is-config="true" duration-ms="742" started-at="2019-03-24T11:23:02Z" finished-at="2019-03-24T11:23:02Z">
          <reporter-output>
          </reporter-output>
        </test-method> <!-- startLogiPage -->
        <test-method status="PASS" signature="testLogin(java.lang.String, java.lang.String, java.lang.String, java.lang.String)[pri:0, instance:com.vmetry.pagetests.LoginTest@180bc464]" name="testLogin" duration-ms="3283" started-at="2019-03-24T11:23:02Z" data-provider="td" finished-at="2019-03-24T11:23:06Z">
          <params>
            <param index="0">
              <value>
                <![CDATA[TC_002]]>
              </value>
            </param>
            <param index="1">
              <value>
                <![CDATA[9003417600]]>
              </value>
            </param>
            <param index="2">
              <value>
                <![CDATA[Adm@123]]>
              </value>
            </param>
            <param index="3">
              <value>
                <![CDATA[Incorrect Username or Password]]>
              </value>
            </param>
          </params>
          <reporter-output>
          </reporter-output>
        </test-method> <!-- testLogin -->
      </class> <!-- com.vmetry.pagetests.LoginTest -->
    </test> <!-- Command line test -->
  </suite> <!-- com.vmetry.pagetests.LoginTest -->
</testng-results>
